<?xml version="1.0" encoding="UTF-8"?>
<testsuite xmlns:xsi="http://www.w3.org/2001/XMLSchema-instance" xsi:noNamespaceSchemaLocation="https://maven.apache.org/surefire/maven-surefire-plugin/xsd/surefire-test-report-3.0.xsd" version="3.0" name="com.DevicemManagement.DeviceManagement.DeviceManagementApplicationTests" time="6.685" tests="1" errors="0" skipped="0" failures="0">
  <properties>
[...]
</properties>
  <testcase name="contextLoads" classname="com.DevicemManagement.DeviceManagement.DeviceManagementApplicationTests" time="0.626">
    <system-out><![CDATA[22:23:47.245 [main] INFO org.springframework.test.context.support.AnnotationConfigContextLoaderUtils -- Could not detect default configuration classes for test class [com.DevicemManagement.DeviceManagement.DeviceManagementApplicationTests]: DeviceManagementApplicationTests does not declare any static, non-private, non-final, nested classes annotated with @Configuration.
22:23:47.363 [main] INFO org.springframework.boot.test.context.SpringBootTestContextBootstrapper -- Found @SpringBootConfiguration com.DevicemManagement.DeviceManagement.DeviceManagementApplication for test class com.DevicemManagement.DeviceManagement.DeviceManagementApplicationTests

,------.                  ,--.             ,--.   ,--.                                                                ,--.
|  .-.  \  ,---.,--.  ,--.`--' ,---. ,---. |   `.'   | ,--,--.,--,--,  ,--,--. ,---.  ,---. ,--,--,--.,---. ,--,--, ,-'  '-.
|  |  \  :| .-. :\  `'  / ,--.| .--'| .-. :|  |'.'|  |' ,-.  ||      \' ,-.  || .-. || .-. :|        | .-. :|      \'-.  .-'
|  '--'  /\   --. \    /  |  |\ `--.\   --.|  |   |  |\ '-'  ||  ||  |\ '-'  |' '-' '\   --.|  |  |  \   --.|  ||  |  |  |
`-------'  `----'  `--'   `--' `---' `----'`--'   `--' `--`--'`--''--' `--`--'.`-  /  `----'`--`--`--'`----'`--''--'  `--'
                                                                              `---'
2023-11-25T22:23:47.818+02:00  INFO 12932 --- [           main] c.D.D.DeviceManagementApplicationTests   : Starting DeviceManagementApplicationTests using Java 21.0.1 with PID 12932 (started by calin in D:\DS2023_30641_Calin_Catalin_Iacob\ds2023_30641_calin_catalin_iacob_assigment_1_devicemanagement\DeviceManagement)
2023-11-25T22:23:47.821+02:00  INFO 12932 --- [           main] c.D.D.DeviceManagementApplicationTests   : No active profile set, falling back to 1 default profile: "default"
2023-11-25T22:23:48.535+02:00  INFO 12932 --- [           main] .s.d.r.c.RepositoryConfigurationDelegate : Bootstrapping Spring Data JPA repositories in DEFAULT mode.
2023-11-25T22:23:48.608+02:00  INFO 12932 --- [           main] .s.d.r.c.RepositoryConfigurationDelegate : Finished Spring Data repository scanning in 63 ms. Found 2 JPA repository interfaces.
2023-11-25T22:23:49.265+02:00  INFO 12932 --- [           main] o.hibernate.jpa.internal.util.LogHelper  : HHH000204: Processing PersistenceUnitInfo [name: default]
2023-11-25T22:23:49.329+02:00  INFO 12932 --- [           main] org.hibernate.Version                    : HHH000412: Hibernate ORM core version 6.2.9.Final
2023-11-25T22:23:49.331+02:00  INFO 12932 --- [           main] org.hibernate.cfg.Environment            : HHH000406: Using bytecode reflection optimizer
2023-11-25T22:23:49.515+02:00  INFO 12932 --- [           main] o.h.b.i.BytecodeProviderInitiator        : HHH000021: Bytecode provider name : bytebuddy
2023-11-25T22:23:49.672+02:00  INFO 12932 --- [           main] o.s.o.j.p.SpringPersistenceUnitInfo      : No LoadTimeWeaver setup: ignoring JPA class transformer
2023-11-25T22:23:49.706+02:00  INFO 12932 --- [           main] com.zaxxer.hikari.HikariDataSource       : HikariPool-1 - Starting...
2023-11-25T22:23:50.139+02:00  INFO 12932 --- [           main] com.zaxxer.hikari.pool.HikariPool        : HikariPool-1 - Added connection ConnectionID:1 ClientConnectionId: d88ebac7-d6b4-410e-8922-908c71f762f0
2023-11-25T22:23:50.141+02:00  INFO 12932 --- [           main] com.zaxxer.hikari.HikariDataSource       : HikariPool-1 - Start completed.
2023-11-25T22:23:50.459+02:00  INFO 12932 --- [           main] o.h.b.i.BytecodeProviderInitiator        : HHH000021: Bytecode provider name : bytebuddy
2023-11-25T22:23:51.192+02:00  INFO 12932 --- [           main] o.h.e.t.j.p.i.JtaPlatformInitiator       : HHH000490: Using JtaPlatform implementation: [org.hibernate.engine.transaction.jta.platform.internal.NoJtaPlatform]
2023-11-25T22:23:51.953+02:00  INFO 12932 --- [           main] j.LocalContainerEntityManagerFactoryBean : Initialized JPA EntityManagerFactory for persistence unit 'default'
2023-11-25T22:23:53.087+02:00  INFO 12932 --- [           main] c.D.D.DeviceManagementApplicationTests   : Started DeviceManagementApplicationTests in 5.548 seconds (process running for 6.637)
]]></system-out>
    <system-err><![CDATA[WARNING: A Java agent has been loaded dynamically (C:\Users\calin\.m2\repository\net\bytebuddy\byte-buddy-agent\1.14.8\byte-buddy-agent-1.14.8.jar)
WARNING: If a serviceability tool is in use, please run with -XX:+EnableDynamicAgentLoading to hide this warning
WARNING: If a serviceability tool is not in use, please run with -Djdk.instrument.traceUsage for more information
WARNING: Dynamic loading of agents will be disallowed by default in a future release
]]></system-err>
  </testcase>
</testsuite>